ControlRobot/app/build/intermediates/manifest_merge_blame_file/debug/manifest-merger-blame-debug-report.txt
1<?xml version="1.0" encoding="utf-8"?>
2<manifest xmlns:android="http://schemas.android.com/apk/res/android"
3    package="com.example.controlrobot"
4    android:versionCode="1"
5    android:versionName="1.0" >
6
7    <uses-sdk
8        android:minSdkVersion="16"
8-->src\main\AndroidManifest.xml
9        android:targetSdkVersion="29" />
9-->src\main\AndroidManifest.xml
10
11    <application
11-->src\main\AndroidManifest.xml:5:5-25:19
12        android:allowBackup="true"
12-->src\main\AndroidManifest.xml:6:9-35
13        android:appComponentFactory="androidx.core.app.CoreComponentFactory"
13-->[androidx.core:core:1.2.0] AndroidManifest.xml:24:18-86
14        android:debuggable="true"
15        android:icon="@mipmap/ic_launcher"
15-->src\main\AndroidManifest.xml:7:9-43
16        android:label="@string/app_name"
16-->src\main\AndroidManifest.xml:8:9-41
17        android:roundIcon="@mipmap/ic_launcher_round"
17-->src\main\AndroidManifest.xml:9:9-54
18        android:supportsRtl="true"
18-->src\main\AndroidManifest.xml:10:9-35
19        android:theme="@style/AppTheme" >
19-->src\main\AndroidManifest.xml:11:9-40
20        <activity android:name="com.example.controlrobot.About" />
20-->src\main\AndroidManifest.xml:12:9-52
20-->src\main\AndroidManifest.xml:12:19-40
21        <activity android:name="com.example.controlrobot.Settings" />
21-->src\main\AndroidManifest.xml:13:9-46
21-->src\main\AndroidManifest.xml:13:19-43
22        <activity android:name="com.example.controlrobot.Steering" />
22-->src\main\AndroidManifest.xml:14:9-46
22-->src\main\AndroidManifest.xml:14:19-43
23        <activity android:name="com.example.controlrobot.MainActivity" >
23-->src\main\AndroidManifest.xml:15:9-21:20
23-->src\main\AndroidManifest.xml:15:19-47
24            <intent-filter>
24-->src\main\AndroidManifest.xml:16:13-20:29
25                <action android:name="android.intent.action.MAIN" />
25-->src\main\AndroidManifest.xml:17:17-69
25-->src\main\AndroidManifest.xml:17:25-66
26
27                <category android:name="android.intent.category.LAUNCHER" />
27-->src\main\AndroidManifest.xml:19:17-77
27-->src\main\AndroidManifest.xml:19:27-74
28            </intent-filter>
29        </activity>
30
31        <style
31-->src\main\AndroidManifest.xml:22:9-24:17
32            name="Theme.MyApp"
32-->src\main\AndroidManifest.xml:22:16-34
33            parent="Theme.MaterialComponents.DayNight" >
33-->src\main\AndroidManifest.xml:22:35-77
34
35            <!-- ... -->
36        </style>
37    </application>
38
39</manifest>